<?xml version="1.0" encoding="UTF-8"?>
<testng-results skipped="0" failed="0" ignored="0" total="1" passed="1">
  <reporter-output>
  </reporter-output>
  <suite name="Default suite" duration-ms="67977" started-at="2019-11-11T17:29:08 IST" finished-at="2019-11-11T17:30:16 IST">
    <groups>
      <group name="cucumber">
        <method signature="AbstractTestNGCucumberTests.runScenario(io.cucumber.testng.PickleEventWrapper, io.cucumber.testng.CucumberFeatureWrapper)[pri:0, instance:com.cucumber.test.TestRunner@1d7a715]" name="runScenario" class="io.cucumber.testng.AbstractTestNGCucumberTests"/>
      </group> <!-- cucumber -->
    </groups>
    <test name="Default test" duration-ms="67977" started-at="2019-11-11T17:29:08 IST" finished-at="2019-11-11T17:30:16 IST">
      <class name="com.cucumber.test.TestRunner">
        <test-method status="PASS" signature="setUpClass()[pri:0, instance:com.cucumber.test.TestRunner@1d7a715]" name="setUpClass" is-config="true" duration-ms="305" started-at="2019-11-11T17:29:08 IST" finished-at="2019-11-11T17:29:09 IST">
          <reporter-output>
          </reporter-output>
        </test-method> <!-- setUpClass -->
        <test-method status="PASS" signature="runScenario(io.cucumber.testng.PickleEventWrapper, io.cucumber.testng.CucumberFeatureWrapper)[pri:0, instance:com.cucumber.test.TestRunner@1d7a715]" name="runScenario" duration-ms="67398" started-at="2019-11-11T17:29:09 IST" description="Runs Cucumber Scenarios" data-provider="scenarios" finished-at="2019-11-11T17:30:16 IST">
          <params>
            <param index="0">
              <value>
                <![CDATA["Title of your scenario"]]>
              </value>
            </param>
            <param index="1">
              <value>
                <![CDATA["gmail login"]]>
              </value>
            </param>
          </params>
          <reporter-output>
          </reporter-output>
        </test-method> <!-- runScenario -->
        <test-method status="PASS" signature="tearDownClass()[pri:0, instance:com.cucumber.test.TestRunner@1d7a715]" name="tearDownClass" is-config="true" duration-ms="0" started-at="2019-11-11T17:30:16 IST" finished-at="2019-11-11T17:30:16 IST">
          <reporter-output>
          </reporter-output>
        </test-method> <!-- tearDownClass -->
      </class> <!-- com.cucumber.test.TestRunner -->
    </test> <!-- Default test -->
  </suite> <!-- Default suite -->
</testng-results>
